Determining if the pthread_create exist failed with the following output:
Change Dir: /home/ayg/ros_ws/pkgrepo/pub_kinetic/build/CMakeFiles/CMakeTmp

Run Build Command:"/usr/bin/make" "cmTryCompileExec3630615574/fast"
make[1]: Entering directory `/home/ayg/ros_ws/pkgrepo/pub_kinetic/build/CMakeFiles/CMakeTmp'
/usr/bin/make -f CMakeFiles/cmTryCompileExec3630615574.dir/build.make CMakeFiles/cmTryCompileExec3630615574.dir/build
make[2]: Entering directory `/home/ayg/ros_ws/pkgrepo/pub_kinetic/build/CMakeFiles/CMakeTmp'
/usr/bin/cmake -E cmake_progress_report /home/ayg/ros_ws/pkgrepo/pub_kinetic/build/CMakeFiles/CMakeTmp/CMakeFiles 1
Building C object CMakeFiles/cmTryCompileExec3630615574.dir/CheckSymbolExists.c.o
/usr/bin/cc    -o CMakeFiles/cmTryCompileExec3630615574.dir/CheckSymbolExists.c.o   -c /home/ayg/ros_ws/pkgrepo/pub_kinetic/build/CMakeFiles/CMakeTmp/CheckSymbolExists.c
Linking C executable cmTryCompileExec3630615574
/usr/bin/cmake -E cmake_link_script CMakeFiles/cmTryCompileExec3630615574.dir/link.txt --verbose=1
/usr/bin/cc       CMakeFiles/cmTryCompileExec3630615574.dir/CheckSymbolExists.c.o  -o cmTryCompileExec3630615574 -rdynamic 
CMakeFiles/cmTryCompileExec3630615574.dir/CheckSymbolExists.c.o: In function `main':
CheckSymbolExists.c:(.text+0x16): undefined reference to `pthread_create'
collect2: error: ld returned 1 exit status
make[2]: Leaving directory `/home/ayg/ros_ws/pkgrepo/pub_kinetic/build/CMakeFiles/CMakeTmp'
make[2]: *** [cmTryCompileExec3630615574] Error 1
make[1]: *** [cmTryCompileExec3630615574/fast] Error 2
make[1]: Leaving directory `/home/ayg/ros_ws/pkgrepo/pub_kinetic/build/CMakeFiles/CMakeTmp'

File /home/ayg/ros_ws/pkgrepo/pub_kinetic/build/CMakeFiles/CMakeTmp/CheckSymbolExists.c:
/* */
#include <pthread.h>

int main(int argc, char** argv)
{
  (void)argv;
#ifndef pthread_create
  return ((int*)(&pthread_create))[argc];
#else
  (void)argc;
  return 0;
#endif
}

Determining if the function pthread_create exists in the pthreads failed with the following output:
Change Dir: /home/ayg/ros_ws/pkgrepo/pub_kinetic/build/CMakeFiles/CMakeTmp

Run Build Command:"/usr/bin/make" "cmTryCompileExec3918176798/fast"
make[1]: Entering directory `/home/ayg/ros_ws/pkgrepo/pub_kinetic/build/CMakeFiles/CMakeTmp'
/usr/bin/make -f CMakeFiles/cmTryCompileExec3918176798.dir/build.make CMakeFiles/cmTryCompileExec3918176798.dir/build
make[2]: Entering directory `/home/ayg/ros_ws/pkgrepo/pub_kinetic/build/CMakeFiles/CMakeTmp'
/usr/bin/cmake -E cmake_progress_report /home/ayg/ros_ws/pkgrepo/pub_kinetic/build/CMakeFiles/CMakeTmp/CMakeFiles 1
Building C object CMakeFiles/cmTryCompileExec3918176798.dir/CheckFunctionExists.c.o
/usr/bin/cc   -DCHECK_FUNCTION_EXISTS=pthread_create   -o CMakeFiles/cmTryCompileExec3918176798.dir/CheckFunctionExists.c.o   -c /usr/share/cmake-3.2/Modules/CheckFunctionExists.c
Linking C executable cmTryCompileExec3918176798
/usr/bin/cmake -E cmake_link_script CMakeFiles/cmTryCompileExec3918176798.dir/link.txt --verbose=1
/usr/bin/cc   -DCHECK_FUNCTION_EXISTS=pthread_create    CMakeFiles/cmTryCompileExec3918176798.dir/CheckFunctionExists.c.o  -o cmTryCompileExec3918176798 -rdynamic -lpthreads 
/usr/bin/ld: cannot find -lpthreads
collect2: error: ld returned 1 exit status
make[2]: Leaving directory `/home/ayg/ros_ws/pkgrepo/pub_kinetic/build/CMakeFiles/CMakeTmp'
make[2]: *** [cmTryCompileExec3918176798] Error 1
make[1]: *** [cmTryCompileExec3918176798/fast] Error 2
make[1]: Leaving directory `/home/ayg/ros_ws/pkgrepo/pub_kinetic/build/CMakeFiles/CMakeTmp'


